[2017-07-08 00:00:42] defaultLogger.INFO: INSERT INTO route (id, entity_id, type, parent_url, url) VALUES (NULL, 5, 'page', 'contacts', 'contact-1') [] []
[2017-07-08 00:00:47] defaultLogger.INFO: SELECT route.id, route.entity_id, route.type, route.parent_url, route.url FROM route WHERE route.entity_id='1' AND route.type='category' LIMIT 1 [] []
[2017-07-08 00:00:48] defaultLogger.INFO: SELECT route.id, route.entity_id, route.type, route.parent_url, route.url FROM route WHERE route.entity_id='1' AND route.type='category' LIMIT 1 [] []
[2017-07-08 00:03:53] defaultLogger.INFO: SELECT route.id, route.entity_id, route.type, route.parent_url, route.url FROM route WHERE route.entity_id='1' AND route.type='category' LIMIT 1 [] []
[2017-07-08 00:03:54] defaultLogger.INFO: SELECT route.id, route.entity_id, route.type, route.parent_url, route.url FROM route WHERE route.entity_id='1' AND route.type='category' LIMIT 1 [] []
[2017-07-08 00:03:58] defaultLogger.INFO: SELECT route.id, route.entity_id, route.type, route.parent_url, route.url FROM route WHERE route.entity_id='1' AND route.type='category' LIMIT 1 [] []
[2017-07-08 00:03:59] defaultLogger.INFO: SELECT route.id, route.entity_id, route.type, route.parent_url, route.url FROM route WHERE route.entity_id='1' AND route.type='category' LIMIT 1 [] []
[2017-07-08 00:05:08] defaultLogger.INFO: SELECT route.id, route.entity_id, route.type, route.parent_url, route.url FROM route WHERE route.entity_id='1' AND route.type='category' LIMIT 1 [] []
[2017-07-08 00:05:09] defaultLogger.INFO: SELECT route.id, route.entity_id, route.type, route.parent_url, route.url FROM route WHERE route.entity_id='1' AND route.type='category' LIMIT 1 [] []
[2017-07-08 00:05:56] defaultLogger.INFO: SELECT route.id, route.entity_id, route.type, route.parent_url, route.url FROM route WHERE route.entity_id='1' AND route.type='category' LIMIT 1 [] []
[2017-07-08 00:05:57] defaultLogger.INFO: SELECT route.id, route.entity_id, route.type, route.parent_url, route.url FROM route WHERE route.entity_id='1' AND route.type='category' LIMIT 1 [] []
[2017-07-08 00:11:32] defaultLogger.INFO: SELECT route.id, route.entity_id, route.type, route.parent_url, route.url FROM route WHERE route.entity_id='1' AND route.type='category' LIMIT 1 [] []
[2017-07-08 00:11:33] defaultLogger.INFO: SELECT route.id, route.entity_id, route.type, route.parent_url, route.url FROM route WHERE route.entity_id='1' AND route.type='category' LIMIT 1 [] []
[2017-07-08 00:11:36] defaultLogger.INFO: SELECT route.id, route.entity_id, route.type, route.parent_url, route.url FROM route WHERE route.entity_id='1' AND route.type='category' LIMIT 1 [] []
[2017-07-08 00:11:37] defaultLogger.INFO: SELECT route.id, route.entity_id, route.type, route.parent_url, route.url FROM route WHERE route.entity_id='1' AND route.type='category' LIMIT 1 [] []
[2017-07-08 00:17:25] defaultLogger.INFO: SELECT route.id, route.entity_id, route.type, route.parent_url, route.url FROM route WHERE route.entity_id='1' AND route.type='category' LIMIT 1 [] []
[2017-07-08 00:17:26] defaultLogger.INFO: SELECT route.id, route.entity_id, route.type, route.parent_url, route.url FROM route WHERE route.entity_id='1' AND route.type='category' LIMIT 1 [] []
[2017-07-08 00:17:43] defaultLogger.INFO: SELECT route.id, route.entity_id, route.type, route.parent_url, route.url FROM route WHERE route.url='contacts' LIMIT 1 [] []
[2017-07-08 00:17:43] defaultLogger.INFO: SELECT route.id, route.entity_id, route.type, route.parent_url, route.url FROM route WHERE route.entity_id='5' AND route.type='category' LIMIT 1 [] []
[2017-07-08 00:17:44] defaultLogger.INFO: SELECT route.id, route.entity_id, route.type, route.parent_url, route.url FROM route WHERE route.url='contacts' LIMIT 1 [] []
[2017-07-08 00:17:44] defaultLogger.INFO: SELECT route.id, route.entity_id, route.type, route.parent_url, route.url FROM route WHERE route.entity_id='5' AND route.type='category' LIMIT 1 [] []
[2017-07-08 00:17:56] defaultLogger.INFO: SELECT route.id, route.entity_id, route.type, route.parent_url, route.url FROM route WHERE route.entity_id='1' AND route.type='category' LIMIT 1 [] []
[2017-07-08 00:17:57] defaultLogger.INFO: SELECT route.id, route.entity_id, route.type, route.parent_url, route.url FROM route WHERE route.entity_id='1' AND route.type='category' LIMIT 1 [] []
[2017-07-08 00:18:38] defaultLogger.INFO: SELECT route.id, route.entity_id, route.type, route.parent_url, route.url FROM route WHERE route.entity_id='1' AND route.type='category' LIMIT 1 [] []
[2017-07-08 00:18:39] defaultLogger.INFO: SELECT route.id, route.entity_id, route.type, route.parent_url, route.url FROM route WHERE route.entity_id='1' AND route.type='category' LIMIT 1 [] []
[2017-07-08 00:18:56] defaultLogger.INFO: SELECT route.id, route.entity_id, route.type, route.parent_url, route.url FROM route WHERE route.url='contacts' LIMIT 1 [] []
[2017-07-08 00:18:56] defaultLogger.INFO: SELECT route.id, route.entity_id, route.type, route.parent_url, route.url FROM route WHERE route.entity_id='5' AND route.type='category' LIMIT 1 [] []
[2017-07-08 00:18:57] defaultLogger.INFO: SELECT route.id, route.entity_id, route.type, route.parent_url, route.url FROM route WHERE route.url='contacts' LIMIT 1 [] []
[2017-07-08 00:18:57] defaultLogger.INFO: SELECT route.id, route.entity_id, route.type, route.parent_url, route.url FROM route WHERE route.entity_id='5' AND route.type='category' LIMIT 1 [] []
[2017-07-08 00:19:08] defaultLogger.INFO: SELECT route.id, route.entity_id, route.type, route.parent_url, route.url FROM route WHERE route.entity_id='1' AND route.type='category' LIMIT 1 [] []
[2017-07-08 00:19:08] defaultLogger.INFO: SELECT route.id, route.entity_id, route.type, route.parent_url, route.url FROM route WHERE route.entity_id='1' AND route.type='category' LIMIT 1 [] []
[2017-07-08 00:21:21] defaultLogger.INFO: SELECT route.id, route.entity_id, route.type, route.parent_url, route.url FROM route WHERE route.url='slider' LIMIT 1 [] []
[2017-07-08 00:21:21] defaultLogger.INFO: SELECT route.id, route.entity_id, route.type, route.parent_url, route.url FROM route WHERE route.entity_id='3' AND route.type='category' LIMIT 1 [] []
[2017-07-08 00:21:21] defaultLogger.INFO: SELECT route.id, route.entity_id, route.type, route.parent_url, route.url FROM route WHERE route.url IN ('main') ORDER BY route.parent_url ASC [] []
[2017-07-08 00:23:22] defaultLogger.INFO: SELECT route.id, route.entity_id, route.type, route.parent_url, route.url FROM route WHERE route.id='19' LIMIT 1 [] []
[2017-07-08 00:23:22] defaultLogger.INFO: SELECT route.id, route.entity_id, route.type, route.parent_url, route.url FROM route WHERE route.entity_id='0' AND route.type='category' LIMIT 1 [] []
[2017-07-08 00:23:22] defaultLogger.INFO: UPDATE route SET parent_url = REPLACE(parent_url,:old,:new) WHERE parent_url LIKE CONCAT(:old ,'%') [] []
[2017-07-08 00:23:24] defaultLogger.INFO: SELECT route.id, route.entity_id, route.type, route.parent_url, route.url FROM route WHERE route.entity_id='1' AND route.type='category' LIMIT 1 [] []
[2017-07-08 00:23:25] defaultLogger.INFO: SELECT route.id, route.entity_id, route.type, route.parent_url, route.url FROM route WHERE route.entity_id='1' AND route.type='category' LIMIT 1 [] []
[2017-07-08 00:23:31] defaultLogger.INFO: SELECT route.id, route.entity_id, route.type, route.parent_url, route.url FROM route WHERE route.id='19' LIMIT 1 [] []
[2017-07-08 00:23:31] defaultLogger.INFO: SELECT route.id, route.entity_id, route.type, route.parent_url, route.url FROM route WHERE route.entity_id='0' AND route.type='category' LIMIT 1 [] []
[2017-07-08 00:23:31] defaultLogger.INFO: UPDATE route SET parent_url = REPLACE(parent_url,:old,:new) WHERE parent_url LIKE CONCAT(:old ,'%') [] []
[2017-07-08 00:28:38] defaultLogger.INFO: SELECT route.id, route.entity_id, route.type, route.parent_url, route.url FROM route WHERE route.entity_id='1' AND route.type='category' LIMIT 1 [] []
[2017-07-08 00:28:39] defaultLogger.INFO: SELECT route.id, route.entity_id, route.type, route.parent_url, route.url FROM route WHERE route.entity_id='1' AND route.type='category' LIMIT 1 [] []
[2017-07-08 00:29:03] defaultLogger.INFO: SELECT route.id, route.entity_id, route.type, route.parent_url, route.url FROM route WHERE route.entity_id='1' AND route.type='category' LIMIT 1 [] []
[2017-07-08 00:29:04] defaultLogger.INFO: SELECT route.id, route.entity_id, route.type, route.parent_url, route.url FROM route WHERE route.entity_id='1' AND route.type='category' LIMIT 1 [] []
[2017-07-08 00:29:11] defaultLogger.INFO: SELECT route.id, route.entity_id, route.type, route.parent_url, route.url FROM route WHERE route.entity_id='1' AND route.type='category' LIMIT 1 [] []
[2017-07-08 00:29:12] defaultLogger.INFO: SELECT route.id, route.entity_id, route.type, route.parent_url, route.url FROM route WHERE route.entity_id='1' AND route.type='category' LIMIT 1 [] []
[2017-07-08 00:30:22] defaultLogger.INFO: SELECT route.id, route.entity_id, route.type, route.parent_url, route.url FROM route WHERE route.id='19' LIMIT 1 [] []
[2017-07-08 00:30:22] defaultLogger.INFO: SELECT route.id, route.entity_id, route.type, route.parent_url, route.url FROM route WHERE route.entity_id='0' AND route.type='category' LIMIT 1 [] []
[2017-07-08 00:30:22] defaultLogger.INFO: UPDATE route SET parent_url = REPLACE(parent_url,:old,:new) WHERE parent_url LIKE CONCAT(:old ,'%') [] []
[2017-07-08 00:30:24] defaultLogger.INFO: SELECT route.id, route.entity_id, route.type, route.parent_url, route.url FROM route WHERE route.entity_id='1' AND route.type='category' LIMIT 1 [] []
[2017-07-08 00:30:25] defaultLogger.INFO: SELECT route.id, route.entity_id, route.type, route.parent_url, route.url FROM route WHERE route.entity_id='1' AND route.type='category' LIMIT 1 [] []
[2017-07-08 00:30:26] defaultLogger.INFO: SELECT route.id, route.entity_id, route.type, route.parent_url, route.url FROM route WHERE route.entity_id='1' AND route.type='category' LIMIT 1 [] []
[2017-07-08 00:30:27] defaultLogger.INFO: SELECT route.id, route.entity_id, route.type, route.parent_url, route.url FROM route WHERE route.entity_id='1' AND route.type='category' LIMIT 1 [] []
[2017-07-08 00:30:27] defaultLogger.INFO: SELECT route.id, route.entity_id, route.type, route.parent_url, route.url FROM route WHERE route.entity_id='1' AND route.type='category' LIMIT 1 [] []
[2017-07-08 00:33:58] defaultLogger.INFO: SELECT route.id, route.entity_id, route.type, route.parent_url, route.url FROM route WHERE route.entity_id='1' AND route.type='category' LIMIT 1 [] []
[2017-07-08 00:33:59] defaultLogger.INFO: SELECT route.id, route.entity_id, route.type, route.parent_url, route.url FROM route WHERE route.entity_id='1' AND route.type='category' LIMIT 1 [] []
[2017-07-08 00:34:00] defaultLogger.INFO: SELECT route.id, route.entity_id, route.type, route.parent_url, route.url FROM route WHERE route.entity_id='1' AND route.type='category' LIMIT 1 [] []
[2017-07-08 00:34:01] defaultLogger.INFO: SELECT route.id, route.entity_id, route.type, route.parent_url, route.url FROM route WHERE route.entity_id='1' AND route.type='category' LIMIT 1 [] []
[2017-07-08 00:34:05] defaultLogger.INFO: SELECT route.id, route.entity_id, route.type, route.parent_url, route.url FROM route WHERE route.entity_id='1' AND route.type='category' LIMIT 1 [] []
[2017-07-08 00:34:06] defaultLogger.INFO: SELECT route.id, route.entity_id, route.type, route.parent_url, route.url FROM route WHERE route.entity_id='1' AND route.type='category' LIMIT 1 [] []
[2017-07-08 00:36:56] defaultLogger.INFO: SELECT route.id, route.entity_id, route.type, route.parent_url, route.url FROM route WHERE route.entity_id='1' AND route.type='category' LIMIT 1 [] []
[2017-07-08 00:36:58] defaultLogger.INFO: SELECT route.id, route.entity_id, route.type, route.parent_url, route.url FROM route WHERE route.entity_id='1' AND route.type='category' LIMIT 1 [] []
[2017-07-08 00:37:02] defaultLogger.INFO: SELECT route.id, route.entity_id, route.type, route.parent_url, route.url FROM route WHERE route.entity_id='1' AND route.type='category' LIMIT 1 [] []
[2017-07-08 00:37:03] defaultLogger.INFO: SELECT route.id, route.entity_id, route.type, route.parent_url, route.url FROM route WHERE route.entity_id='1' AND route.type='category' LIMIT 1 [] []
[2017-07-08 00:37:42] defaultLogger.INFO: SELECT route.id, route.entity_id, route.type, route.parent_url, route.url FROM route WHERE route.entity_id='1' AND route.type='category' LIMIT 1 [] []
[2017-07-08 00:37:43] defaultLogger.INFO: SELECT route.id, route.entity_id, route.type, route.parent_url, route.url FROM route WHERE route.entity_id='1' AND route.type='category' LIMIT 1 [] []
[2017-07-08 00:37:46] defaultLogger.INFO: SELECT route.id, route.entity_id, route.type, route.parent_url, route.url FROM route WHERE route.entity_id='1' AND route.type='category' LIMIT 1 [] []
[2017-07-08 00:37:47] defaultLogger.INFO: SELECT route.id, route.entity_id, route.type, route.parent_url, route.url FROM route WHERE route.entity_id='1' AND route.type='category' LIMIT 1 [] []
[2017-07-08 00:38:11] defaultLogger.INFO: SELECT route.id, route.entity_id, route.type, route.parent_url, route.url FROM route WHERE route.entity_id='1' AND route.type='category' LIMIT 1 [] []
[2017-07-08 00:38:12] defaultLogger.INFO: SELECT route.id, route.entity_id, route.type, route.parent_url, route.url FROM route WHERE route.entity_id='1' AND route.type='category' LIMIT 1 [] []
[2017-07-08 00:38:14] defaultLogger.INFO: SELECT route.id, route.entity_id, route.type, route.parent_url, route.url FROM route WHERE route.entity_id='1' AND route.type='category' LIMIT 1 [] []
[2017-07-08 00:38:15] defaultLogger.INFO: SELECT route.id, route.entity_id, route.type, route.parent_url, route.url FROM route WHERE route.entity_id='1' AND route.type='category' LIMIT 1 [] []
[2017-07-08 00:38:43] defaultLogger.INFO: SELECT route.id, route.entity_id, route.type, route.parent_url, route.url FROM route WHERE route.entity_id='1' AND route.type='category' LIMIT 1 [] []
[2017-07-08 00:38:45] defaultLogger.INFO: SELECT route.id, route.entity_id, route.type, route.parent_url, route.url FROM route WHERE route.entity_id='1' AND route.type='category' LIMIT 1 [] []
[2017-07-08 00:38:46] defaultLogger.INFO: SELECT route.id, route.entity_id, route.type, route.parent_url, route.url FROM route WHERE route.entity_id='1' AND route.type='category' LIMIT 1 [] []
[2017-07-08 00:38:47] defaultLogger.INFO: SELECT route.id, route.entity_id, route.type, route.parent_url, route.url FROM route WHERE route.entity_id='1' AND route.type='category' LIMIT 1 [] []
[2017-07-08 00:38:48] defaultLogger.INFO: SELECT route.id, route.entity_id, route.type, route.parent_url, route.url FROM route WHERE route.entity_id='1' AND route.type='category' LIMIT 1 [] []
[2017-07-08 00:38:50] defaultLogger.INFO: SELECT route.id, route.entity_id, route.type, route.parent_url, route.url FROM route WHERE route.entity_id='1' AND route.type='category' LIMIT 1 [] []
[2017-07-08 00:40:43] defaultLogger.INFO: SELECT route.id, route.entity_id, route.type, route.parent_url, route.url FROM route WHERE route.entity_id='1' AND route.type='category' LIMIT 1 [] []
[2017-07-08 00:40:44] defaultLogger.INFO: SELECT route.id, route.entity_id, route.type, route.parent_url, route.url FROM route WHERE route.entity_id='1' AND route.type='category' LIMIT 1 [] []
[2017-07-08 00:40:47] defaultLogger.INFO: SELECT route.id, route.entity_id, route.type, route.parent_url, route.url FROM route WHERE route.entity_id='1' AND route.type='category' LIMIT 1 [] []
[2017-07-08 00:40:48] defaultLogger.INFO: SELECT route.id, route.entity_id, route.type, route.parent_url, route.url FROM route WHERE route.entity_id='1' AND route.type='category' LIMIT 1 [] []
[2017-07-08 00:41:06] defaultLogger.INFO: SELECT route.id, route.entity_id, route.type, route.parent_url, route.url FROM route WHERE route.entity_id='1' AND route.type='category' LIMIT 1 [] []
[2017-07-08 00:41:08] defaultLogger.INFO: SELECT route.id, route.entity_id, route.type, route.parent_url, route.url FROM route WHERE route.entity_id='1' AND route.type='category' LIMIT 1 [] []
[2017-07-08 00:42:27] defaultLogger.INFO: SELECT route.id, route.entity_id, route.type, route.parent_url, route.url FROM route WHERE route.id='19' LIMIT 1 [] []
[2017-07-08 00:42:27] defaultLogger.INFO: SELECT route.id, route.entity_id, route.type, route.parent_url, route.url FROM route WHERE route.entity_id='0' AND route.type='category' LIMIT 1 [] []
[2017-07-08 00:42:27] defaultLogger.INFO: UPDATE route SET parent_url = REPLACE(parent_url,:old,:new) WHERE parent_url LIKE CONCAT(:old ,'%') [] []
[2017-07-08 00:42:30] defaultLogger.INFO: SELECT route.id, route.entity_id, route.type, route.parent_url, route.url FROM route WHERE route.entity_id='1' AND route.type='category' LIMIT 1 [] []
[2017-07-08 00:42:31] defaultLogger.INFO: SELECT route.id, route.entity_id, route.type, route.parent_url, route.url FROM route WHERE route.entity_id='1' AND route.type='category' LIMIT 1 [] []
[2017-07-08 00:42:59] defaultLogger.INFO: SELECT route.id, route.entity_id, route.type, route.parent_url, route.url FROM route WHERE route.id='19' LIMIT 1 [] []
[2017-07-08 00:42:59] defaultLogger.INFO: SELECT route.id, route.entity_id, route.type, route.parent_url, route.url FROM route WHERE route.entity_id='0' AND route.type='category' LIMIT 1 [] []
[2017-07-08 00:42:59] defaultLogger.INFO: UPDATE route SET parent_url = REPLACE(parent_url,:old,:new) WHERE parent_url LIKE CONCAT(:old ,'%') [] []
[2017-07-08 00:43:02] defaultLogger.INFO: SELECT route.id, route.entity_id, route.type, route.parent_url, route.url FROM route WHERE route.entity_id='1' AND route.type='category' LIMIT 1 [] []
[2017-07-08 00:43:04] defaultLogger.INFO: SELECT route.id, route.entity_id, route.type, route.parent_url, route.url FROM route WHERE route.entity_id='1' AND route.type='category' LIMIT 1 [] []
[2017-07-08 00:43:40] defaultLogger.INFO: SELECT route.id, route.entity_id, route.type, route.parent_url, route.url FROM route WHERE route.id='19' LIMIT 1 [] []
[2017-07-08 00:43:40] defaultLogger.INFO: SELECT route.id, route.entity_id, route.type, route.parent_url, route.url FROM route WHERE route.entity_id='0' AND route.type='category' LIMIT 1 [] []
[2017-07-08 00:43:40] defaultLogger.INFO: UPDATE route SET parent_url = REPLACE(parent_url,:old,:new) WHERE parent_url LIKE CONCAT(:old ,'%') [] []
[2017-07-08 00:43:45] defaultLogger.INFO: SELECT route.id, route.entity_id, route.type, route.parent_url, route.url FROM route WHERE route.entity_id='1' AND route.type='category' LIMIT 1 [] []
[2017-07-08 00:43:46] defaultLogger.INFO: SELECT route.id, route.entity_id, route.type, route.parent_url, route.url FROM route WHERE route.entity_id='1' AND route.type='category' LIMIT 1 [] []
[2017-07-08 00:43:48] defaultLogger.INFO: SELECT route.id, route.entity_id, route.type, route.parent_url, route.url FROM route WHERE route.url='contacts' LIMIT 1 [] []
[2017-07-08 00:43:48] defaultLogger.INFO: SELECT route.id, route.entity_id, route.type, route.parent_url, route.url FROM route WHERE route.entity_id='5' AND route.type='category' LIMIT 1 [] []
[2017-07-08 00:43:49] defaultLogger.INFO: SELECT route.id, route.entity_id, route.type, route.parent_url, route.url FROM route WHERE route.url='contacts' LIMIT 1 [] []
[2017-07-08 00:43:49] defaultLogger.INFO: SELECT route.id, route.entity_id, route.type, route.parent_url, route.url FROM route WHERE route.entity_id='5' AND route.type='category' LIMIT 1 [] []
[2017-07-08 00:43:59] defaultLogger.INFO: SELECT route.id, route.entity_id, route.type, route.parent_url, route.url FROM route WHERE route.id='19' LIMIT 1 [] []
[2017-07-08 00:43:59] defaultLogger.INFO: SELECT route.id, route.entity_id, route.type, route.parent_url, route.url FROM route WHERE route.entity_id='0' AND route.type='category' LIMIT 1 [] []
[2017-07-08 00:43:59] defaultLogger.INFO: UPDATE route SET parent_url = REPLACE(parent_url,:old,:new) WHERE parent_url LIKE CONCAT(:old ,'%') [] []
[2017-07-08 00:44:03] defaultLogger.INFO: SELECT route.id, route.entity_id, route.type, route.parent_url, route.url FROM route WHERE route.url='contacts' LIMIT 1 [] []
[2017-07-08 00:44:03] defaultLogger.INFO: SELECT route.id, route.entity_id, route.type, route.parent_url, route.url FROM route WHERE route.entity_id='5' AND route.type='category' LIMIT 1 [] []
[2017-07-08 00:44:04] defaultLogger.INFO: SELECT route.id, route.entity_id, route.type, route.parent_url, route.url FROM route WHERE route.url='contacts' LIMIT 1 [] []
[2017-07-08 00:44:04] defaultLogger.INFO: SELECT route.id, route.entity_id, route.type, route.parent_url, route.url FROM route WHERE route.entity_id='5' AND route.type='category' LIMIT 1 [] []
[2017-07-08 00:44:12] defaultLogger.INFO: SELECT route.id, route.entity_id, route.type, route.parent_url, route.url FROM route WHERE route.id='19' LIMIT 1 [] []
[2017-07-08 00:44:12] defaultLogger.INFO: SELECT route.id, route.entity_id, route.type, route.parent_url, route.url FROM route WHERE route.entity_id='0' AND route.type='category' LIMIT 1 [] []
[2017-07-08 00:44:12] defaultLogger.INFO: UPDATE route SET parent_url = REPLACE(parent_url,:old,:new) WHERE parent_url LIKE CONCAT(:old ,'%') [] []
[2017-07-08 00:44:15] defaultLogger.INFO: SELECT route.id, route.entity_id, route.type, route.parent_url, route.url FROM route WHERE route.url='contacts' LIMIT 1 [] []
[2017-07-08 00:44:15] defaultLogger.INFO: SELECT route.id, route.entity_id, route.type, route.parent_url, route.url FROM route WHERE route.entity_id='5' AND route.type='category' LIMIT 1 [] []
[2017-07-08 00:44:16] defaultLogger.INFO: SELECT route.id, route.entity_id, route.type, route.parent_url, route.url FROM route WHERE route.url='contacts' LIMIT 1 [] []
[2017-07-08 00:44:16] defaultLogger.INFO: SELECT route.id, route.entity_id, route.type, route.parent_url, route.url FROM route WHERE route.entity_id='5' AND route.type='category' LIMIT 1 [] []
[2017-07-08 00:44:19] defaultLogger.INFO: SELECT route.id, route.entity_id, route.type, route.parent_url, route.url FROM route WHERE route.entity_id='1' AND route.type='category' LIMIT 1 [] []
[2017-07-08 00:44:20] defaultLogger.INFO: SELECT route.id, route.entity_id, route.type, route.parent_url, route.url FROM route WHERE route.entity_id='1' AND route.type='category' LIMIT 1 [] []
[2017-07-08 00:44:23] defaultLogger.INFO: SELECT route.id, route.entity_id, route.type, route.parent_url, route.url FROM route WHERE route.entity_id='1' AND route.type='category' LIMIT 1 [] []
[2017-07-08 00:44:24] defaultLogger.INFO: SELECT route.id, route.entity_id, route.type, route.parent_url, route.url FROM route WHERE route.entity_id='1' AND route.type='category' LIMIT 1 [] []
[2017-07-08 00:44:57] defaultLogger.INFO: SELECT route.id, route.entity_id, route.type, route.parent_url, route.url FROM route WHERE route.url='slider' LIMIT 1 [] []
[2017-07-08 00:44:57] defaultLogger.INFO: SELECT route.id, route.entity_id, route.type, route.parent_url, route.url FROM route WHERE route.entity_id='3' AND route.type='category' LIMIT 1 [] []
[2017-07-08 00:44:57] defaultLogger.INFO: SELECT route.id, route.entity_id, route.type, route.parent_url, route.url FROM route WHERE route.url IN ('main') ORDER BY route.parent_url ASC [] []
[2017-07-08 00:45:18] defaultLogger.INFO: SELECT route.id, route.entity_id, route.type, route.parent_url, route.url FROM route WHERE route.entity_id='1' AND route.type='category' LIMIT 1 [] []
[2017-07-08 00:45:19] defaultLogger.INFO: SELECT route.id, route.entity_id, route.type, route.parent_url, route.url FROM route WHERE route.entity_id='1' AND route.type='category' LIMIT 1 [] []
[2017-07-08 00:45:47] defaultLogger.INFO: SELECT route.id, route.entity_id, route.type, route.parent_url, route.url FROM route WHERE route.type='page' AND route.entity_id='4' LIMIT 1 [] []
[2017-07-08 00:45:49] defaultLogger.INFO: SELECT route.id, route.entity_id, route.type, route.parent_url, route.url FROM route WHERE route.entity_id='1' AND route.type='category' LIMIT 1 [] []
[2017-07-08 00:45:50] defaultLogger.INFO: SELECT route.id, route.entity_id, route.type, route.parent_url, route.url FROM route WHERE route.entity_id='1' AND route.type='category' LIMIT 1 [] []
[2017-07-08 00:45:59] defaultLogger.INFO: SELECT route.id, route.entity_id, route.type, route.parent_url, route.url FROM route WHERE route.type='page' AND route.entity_id='4' LIMIT 1 [] []
[2017-07-08 00:46:00] defaultLogger.INFO: SELECT route.id, route.entity_id, route.type, route.parent_url, route.url FROM route WHERE route.entity_id='1' AND route.type='category' LIMIT 1 [] []
[2017-07-08 00:46:02] defaultLogger.INFO: SELECT route.id, route.entity_id, route.type, route.parent_url, route.url FROM route WHERE route.entity_id='1' AND route.type='category' LIMIT 1 [] []
[2017-07-08 00:46:19] defaultLogger.INFO: SELECT route.id, route.entity_id, route.type, route.parent_url, route.url FROM route WHERE route.type='page' AND route.entity_id='4' LIMIT 1 [] []
[2017-07-08 00:46:21] defaultLogger.INFO: SELECT route.id, route.entity_id, route.type, route.parent_url, route.url FROM route WHERE route.entity_id='1' AND route.type='category' LIMIT 1 [] []
[2017-07-08 00:46:22] defaultLogger.INFO: SELECT route.id, route.entity_id, route.type, route.parent_url, route.url FROM route WHERE route.entity_id='1' AND route.type='category' LIMIT 1 [] []
[2017-07-08 00:46:36] defaultLogger.INFO: SELECT route.id, route.entity_id, route.type, route.parent_url, route.url FROM route WHERE route.type='page' AND route.entity_id='4' LIMIT 1 [] []
[2017-07-08 00:46:38] defaultLogger.INFO: SELECT route.id, route.entity_id, route.type, route.parent_url, route.url FROM route WHERE route.entity_id='1' AND route.type='category' LIMIT 1 [] []
[2017-07-08 00:46:39] defaultLogger.INFO: SELECT route.id, route.entity_id, route.type, route.parent_url, route.url FROM route WHERE route.entity_id='1' AND route.type='category' LIMIT 1 [] []
[2017-07-08 00:47:54] defaultLogger.INFO: SELECT route.id, route.entity_id, route.type, route.parent_url, route.url FROM route WHERE route.entity_id='1' AND route.type='category' LIMIT 1 [] []
[2017-07-08 00:47:54] defaultLogger.INFO: SELECT route.id, route.entity_id, route.type, route.parent_url, route.url FROM route WHERE route.entity_id='1' AND route.type='category' LIMIT 1 [] []
[2017-07-08 00:47:56] defaultLogger.INFO: SELECT route.id, route.entity_id, route.type, route.parent_url, route.url FROM route WHERE route.entity_id='1' AND route.type='category' LIMIT 1 [] []
[2017-07-08 00:47:57] defaultLogger.INFO: SELECT route.id, route.entity_id, route.type, route.parent_url, route.url FROM route WHERE route.entity_id='1' AND route.type='category' LIMIT 1 [] []
[2017-07-08 00:47:59] defaultLogger.INFO: SELECT route.id, route.entity_id, route.type, route.parent_url, route.url FROM route WHERE route.entity_id='1' AND route.type='category' LIMIT 1 [] []
[2017-07-08 00:47:59] defaultLogger.INFO: SELECT route.id, route.entity_id, route.type, route.parent_url, route.url FROM route WHERE route.entity_id='1' AND route.type='category' LIMIT 1 [] []
[2017-07-08 00:48:25] defaultLogger.INFO: SELECT route.id, route.entity_id, route.type, route.parent_url, route.url FROM route WHERE route.entity_id='1' AND route.type='category' LIMIT 1 [] []
[2017-07-08 00:48:26] defaultLogger.INFO: SELECT route.id, route.entity_id, route.type, route.parent_url, route.url FROM route WHERE route.entity_id='1' AND route.type='category' LIMIT 1 [] []
[2017-07-08 00:48:28] defaultLogger.INFO: SELECT route.id, route.entity_id, route.type, route.parent_url, route.url FROM route WHERE route.entity_id='1' AND route.type='category' LIMIT 1 [] []
[2017-07-08 00:48:28] defaultLogger.INFO: SELECT route.id, route.entity_id, route.type, route.parent_url, route.url FROM route WHERE route.entity_id='1' AND route.type='category' LIMIT 1 [] []
[2017-07-08 01:00:32] defaultLogger.INFO: SELECT route.id, route.entity_id, route.type, route.parent_url, route.url FROM route WHERE route.entity_id='1' AND route.type='category' LIMIT 1 [] []
[2017-07-08 01:00:33] defaultLogger.INFO: SELECT route.id, route.entity_id, route.type, route.parent_url, route.url FROM route WHERE route.entity_id='1' AND route.type='category' LIMIT 1 [] []
[2017-07-08 01:00:35] defaultLogger.INFO: SELECT route.id, route.entity_id, route.type, route.parent_url, route.url FROM route WHERE route.entity_id='1' AND route.type='category' LIMIT 1 [] []
[2017-07-08 01:00:35] defaultLogger.INFO: SELECT route.id, route.entity_id, route.type, route.parent_url, route.url FROM route WHERE route.entity_id='1' AND route.type='category' LIMIT 1 [] []
[2017-07-08 01:00:40] defaultLogger.INFO: SELECT route.id, route.entity_id, route.type, route.parent_url, route.url FROM route WHERE route.entity_id='1' AND route.type='category' LIMIT 1 [] []
[2017-07-08 01:00:41] defaultLogger.INFO: SELECT route.id, route.entity_id, route.type, route.parent_url, route.url FROM route WHERE route.entity_id='1' AND route.type='category' LIMIT 1 [] []
[2017-07-08 01:01:34] defaultLogger.INFO: SELECT route.id, route.entity_id, route.type, route.parent_url, route.url FROM route WHERE route.id='19' LIMIT 1 [] []
[2017-07-08 01:01:34] defaultLogger.INFO: SELECT route.id, route.entity_id, route.type, route.parent_url, route.url FROM route WHERE route.entity_id='0' AND route.type='category' LIMIT 1 [] []
[2017-07-08 01:01:34] defaultLogger.INFO: UPDATE route SET parent_url = REPLACE(parent_url,:old,:new) WHERE parent_url LIKE CONCAT(:old ,'%') [] []
[2017-07-08 01:01:55] defaultLogger.INFO: SELECT route.id, route.entity_id, route.type, route.parent_url, route.url FROM route WHERE route.entity_id='1' AND route.type='category' LIMIT 1 [] []
[2017-07-08 01:01:56] defaultLogger.INFO: SELECT route.id, route.entity_id, route.type, route.parent_url, route.url FROM route WHERE route.entity_id='1' AND route.type='category' LIMIT 1 [] []
[2017-07-08 01:01:58] defaultLogger.INFO: SELECT route.id, route.entity_id, route.type, route.parent_url, route.url FROM route WHERE route.entity_id='1' AND route.type='category' LIMIT 1 [] []
[2017-07-08 01:01:58] defaultLogger.INFO: SELECT route.id, route.entity_id, route.type, route.parent_url, route.url FROM route WHERE route.entity_id='1' AND route.type='category' LIMIT 1 [] []
[2017-07-08 01:01:59] defaultLogger.INFO: SELECT route.id, route.entity_id, route.type, route.parent_url, route.url FROM route WHERE route.entity_id='1' AND route.type='category' LIMIT 1 [] []
[2017-07-08 01:01:59] defaultLogger.INFO: SELECT route.id, route.entity_id, route.type, route.parent_url, route.url FROM route WHERE route.entity_id='1' AND route.type='category' LIMIT 1 [] []
[2017-07-08 01:02:00] defaultLogger.INFO: SELECT route.id, route.entity_id, route.type, route.parent_url, route.url FROM route WHERE route.entity_id='1' AND route.type='category' LIMIT 1 [] []
[2017-07-08 01:02:54] defaultLogger.INFO: SELECT route.id, route.entity_id, route.type, route.parent_url, route.url FROM route WHERE route.entity_id='1' AND route.type='category' LIMIT 1 [] []
[2017-07-08 01:02:55] defaultLogger.INFO: SELECT route.id, route.entity_id, route.type, route.parent_url, route.url FROM route WHERE route.entity_id='1' AND route.type='category' LIMIT 1 [] []
[2017-07-08 01:02:56] defaultLogger.INFO: SELECT route.id, route.entity_id, route.type, route.parent_url, route.url FROM route WHERE route.entity_id='1' AND route.type='category' LIMIT 1 [] []
[2017-07-08 01:02:57] defaultLogger.INFO: SELECT route.id, route.entity_id, route.type, route.parent_url, route.url FROM route WHERE route.entity_id='1' AND route.type='category' LIMIT 1 [] []
[2017-07-08 01:02:58] defaultLogger.INFO: SELECT route.id, route.entity_id, route.type, route.parent_url, route.url FROM route WHERE route.entity_id='1' AND route.type='category' LIMIT 1 [] []
[2017-07-08 01:02:58] defaultLogger.INFO: SELECT route.id, route.entity_id, route.type, route.parent_url, route.url FROM route WHERE route.entity_id='1' AND route.type='category' LIMIT 1 [] []
[2017-07-08 01:03:04] defaultLogger.INFO: SELECT route.id, route.entity_id, route.type, route.parent_url, route.url FROM route WHERE route.entity_id='1' AND route.type='category' LIMIT 1 [] []
[2017-07-08 01:03:04] defaultLogger.INFO: SELECT route.id, route.entity_id, route.type, route.parent_url, route.url FROM route WHERE route.entity_id='1' AND route.type='category' LIMIT 1 [] []
[2017-07-08 01:07:02] defaultLogger.INFO: SELECT route.id, route.entity_id, route.type, route.parent_url, route.url FROM route WHERE route.entity_id='1' AND route.type='category' LIMIT 1 [] []
[2017-07-08 01:07:03] defaultLogger.INFO: SELECT route.id, route.entity_id, route.type, route.parent_url, route.url FROM route WHERE route.entity_id='1' AND route.type='category' LIMIT 1 [] []
[2017-07-08 01:07:04] defaultLogger.INFO: SELECT route.id, route.entity_id, route.type, route.parent_url, route.url FROM route WHERE route.entity_id='1' AND route.type='category' LIMIT 1 [] []
[2017-07-08 01:07:05] defaultLogger.INFO: SELECT route.id, route.entity_id, route.type, route.parent_url, route.url FROM route WHERE route.entity_id='1' AND route.type='category' LIMIT 1 [] []
[2017-07-08 01:07:06] defaultLogger.INFO: SELECT route.id, route.entity_id, route.type, route.parent_url, route.url FROM route WHERE route.entity_id='1' AND route.type='category' LIMIT 1 [] []
[2017-07-08 01:07:06] defaultLogger.INFO: SELECT route.id, route.entity_id, route.type, route.parent_url, route.url FROM route WHERE route.entity_id='1' AND route.type='category' LIMIT 1 [] []
[2017-07-08 01:07:07] defaultLogger.INFO: SELECT route.id, route.entity_id, route.type, route.parent_url, route.url FROM route WHERE route.entity_id='1' AND route.type='category' LIMIT 1 [] []
[2017-07-08 01:07:08] defaultLogger.INFO: SELECT route.id, route.entity_id, route.type, route.parent_url, route.url FROM route WHERE route.entity_id='1' AND route.type='category' LIMIT 1 [] []
[2017-07-08 01:08:01] defaultLogger.INFO: SELECT route.id, route.entity_id, route.type, route.parent_url, route.url FROM route WHERE route.entity_id='1' AND route.type='category' LIMIT 1 [] []
[2017-07-08 01:08:02] defaultLogger.INFO: SELECT route.id, route.entity_id, route.type, route.parent_url, route.url FROM route WHERE route.entity_id='1' AND route.type='category' LIMIT 1 [] []
[2017-07-08 01:08:04] defaultLogger.INFO: SELECT route.id, route.entity_id, route.type, route.parent_url, route.url FROM route WHERE route.entity_id='1' AND route.type='category' LIMIT 1 [] []
[2017-07-08 01:08:05] defaultLogger.INFO: SELECT route.id, route.entity_id, route.type, route.parent_url, route.url FROM route WHERE route.entity_id='1' AND route.type='category' LIMIT 1 [] []
[2017-07-08 01:08:56] defaultLogger.INFO: SELECT route.id, route.entity_id, route.type, route.parent_url, route.url FROM route WHERE route.entity_id='1' AND route.type='category' LIMIT 1 [] []
[2017-07-08 01:08:57] defaultLogger.INFO: SELECT route.id, route.entity_id, route.type, route.parent_url, route.url FROM route WHERE route.entity_id='1' AND route.type='category' LIMIT 1 [] []
[2017-07-08 01:09:55] defaultLogger.INFO: SELECT route.id, route.entity_id, route.type, route.parent_url, route.url FROM route WHERE route.entity_id='1' AND route.type='category' LIMIT 1 [] []
[2017-07-08 01:09:57] defaultLogger.INFO: SELECT route.id, route.entity_id, route.type, route.parent_url, route.url FROM route WHERE route.entity_id='1' AND route.type='category' LIMIT 1 [] []
[2017-07-08 01:10:01] defaultLogger.INFO: SELECT route.id, route.entity_id, route.type, route.parent_url, route.url FROM route WHERE route.entity_id='1' AND route.type='category' LIMIT 1 [] []
[2017-07-08 01:10:02] defaultLogger.INFO: SELECT route.id, route.entity_id, route.type, route.parent_url, route.url FROM route WHERE route.entity_id='1' AND route.type='category' LIMIT 1 [] []
[2017-07-08 01:10:30] defaultLogger.INFO: SELECT route.id, route.entity_id, route.type, route.parent_url, route.url FROM route WHERE route.entity_id='1' AND route.type='category' LIMIT 1 [] []
[2017-07-08 01:10:31] defaultLogger.INFO: SELECT route.id, route.entity_id, route.type, route.parent_url, route.url FROM route WHERE route.entity_id='1' AND route.type='category' LIMIT 1 [] []
[2017-07-08 01:10:32] defaultLogger.INFO: SELECT route.id, route.entity_id, route.type, route.parent_url, route.url FROM route WHERE route.entity_id='1' AND route.type='category' LIMIT 1 [] []
[2017-07-08 01:10:33] defaultLogger.INFO: SELECT route.id, route.entity_id, route.type, route.parent_url, route.url FROM route WHERE route.entity_id='1' AND route.type='category' LIMIT 1 [] []
[2017-07-08 01:10:36] defaultLogger.INFO: SELECT route.id, route.entity_id, route.type, route.parent_url, route.url FROM route WHERE route.entity_id='1' AND route.type='category' LIMIT 1 [] []
[2017-07-08 01:10:37] defaultLogger.INFO: SELECT route.id, route.entity_id, route.type, route.parent_url, route.url FROM route WHERE route.entity_id='1' AND route.type='category' LIMIT 1 [] []
[2017-07-08 01:14:13] defaultLogger.INFO: SELECT route.id, route.entity_id, route.type, route.parent_url, route.url FROM route WHERE route.entity_id='1' AND route.type='category' LIMIT 1 [] []
[2017-07-08 01:14:14] defaultLogger.INFO: SELECT route.id, route.entity_id, route.type, route.parent_url, route.url FROM route WHERE route.entity_id='1' AND route.type='category' LIMIT 1 [] []
[2017-07-08 01:14:15] defaultLogger.INFO: SELECT route.id, route.entity_id, route.type, route.parent_url, route.url FROM route WHERE route.entity_id='1' AND route.type='category' LIMIT 1 [] []
[2017-07-08 01:14:16] defaultLogger.INFO: SELECT route.id, route.entity_id, route.type, route.parent_url, route.url FROM route WHERE route.entity_id='1' AND route.type='category' LIMIT 1 [] []
[2017-07-08 01:23:20] defaultLogger.INFO: SELECT route.id, route.entity_id, route.type, route.parent_url, route.url FROM route WHERE route.entity_id='1' AND route.type='category' LIMIT 1 [] []
[2017-07-08 01:23:21] defaultLogger.INFO: SELECT route.id, route.entity_id, route.type, route.parent_url, route.url FROM route WHERE route.entity_id='1' AND route.type='category' LIMIT 1 [] []
[2017-07-08 01:23:24] defaultLogger.INFO: SELECT route.id, route.entity_id, route.type, route.parent_url, route.url FROM route WHERE route.entity_id='1' AND route.type='category' LIMIT 1 [] []
[2017-07-08 01:23:25] defaultLogger.INFO: SELECT route.id, route.entity_id, route.type, route.parent_url, route.url FROM route WHERE route.entity_id='1' AND route.type='category' LIMIT 1 [] []
[2017-07-08 01:23:37] defaultLogger.INFO: SELECT route.id, route.entity_id, route.type, route.parent_url, route.url FROM route WHERE route.type='page' AND route.entity_id='1' LIMIT 1 [] []
[2017-07-08 01:23:40] defaultLogger.INFO: SELECT route.id, route.entity_id, route.type, route.parent_url, route.url FROM route WHERE route.entity_id='1' AND route.type='category' LIMIT 1 [] []
[2017-07-08 01:23:41] defaultLogger.INFO: SELECT route.id, route.entity_id, route.type, route.parent_url, route.url FROM route WHERE route.entity_id='1' AND route.type='category' LIMIT 1 [] []
[2017-07-08 11:16:02] defaultLogger.INFO: SELECT route.id, route.entity_id, route.type, route.parent_url, route.url FROM route WHERE route.id='19' LIMIT 1 [] []
[2017-07-08 11:16:03] defaultLogger.INFO: SELECT route.id, route.entity_id, route.type, route.parent_url, route.url FROM route WHERE route.entity_id='0' AND route.type='category' LIMIT 1 [] []
[2017-07-08 11:16:03] defaultLogger.INFO: UPDATE route SET parent_url = REPLACE(parent_url,:old,:new) WHERE parent_url LIKE CONCAT(:old ,'%') [] []
[2017-07-08 11:16:04] defaultLogger.INFO: SELECT route.id, route.entity_id, route.type, route.parent_url, route.url FROM route WHERE route.entity_id='1' AND route.type='category' LIMIT 1 [] []
[2017-07-08 11:16:06] defaultLogger.INFO: SELECT route.id, route.entity_id, route.type, route.parent_url, route.url FROM route WHERE route.entity_id='1' AND route.type='category' LIMIT 1 [] []
[2017-07-08 11:16:42] defaultLogger.INFO: SELECT route.id, route.entity_id, route.type, route.parent_url, route.url FROM route WHERE route.id='19' LIMIT 1 [] []
[2017-07-08 11:16:42] defaultLogger.INFO: SELECT route.id, route.entity_id, route.type, route.parent_url, route.url FROM route WHERE route.entity_id='0' AND route.type='category' LIMIT 1 [] []
[2017-07-08 11:16:42] defaultLogger.INFO: UPDATE route SET parent_url = REPLACE(parent_url,:old,:new) WHERE parent_url LIKE CONCAT(:old ,'%') [] []
[2017-07-08 11:16:44] defaultLogger.INFO: SELECT route.id, route.entity_id, route.type, route.parent_url, route.url FROM route WHERE route.entity_id='1' AND route.type='category' LIMIT 1 [] []
[2017-07-08 11:16:45] defaultLogger.INFO: SELECT route.id, route.entity_id, route.type, route.parent_url, route.url FROM route WHERE route.entity_id='1' AND route.type='category' LIMIT 1 [] []
[2017-07-08 11:18:30] defaultLogger.INFO: SELECT route.id, route.entity_id, route.type, route.parent_url, route.url FROM route WHERE route.type='page' AND route.entity_id='4' LIMIT 1 [] []
[2017-07-08 11:18:34] defaultLogger.INFO: SELECT route.id, route.entity_id, route.type, route.parent_url, route.url FROM route WHERE route.entity_id='1' AND route.type='category' LIMIT 1 [] []
[2017-07-08 11:18:35] defaultLogger.INFO: SELECT route.id, route.entity_id, route.type, route.parent_url, route.url FROM route WHERE route.entity_id='1' AND route.type='category' LIMIT 1 [] []
[2017-07-08 11:18:46] defaultLogger.INFO: SELECT route.id, route.entity_id, route.type, route.parent_url, route.url FROM route WHERE route.type='page' AND route.entity_id='4' LIMIT 1 [] []
[2017-07-08 11:18:48] defaultLogger.INFO: SELECT route.id, route.entity_id, route.type, route.parent_url, route.url FROM route WHERE route.entity_id='1' AND route.type='category' LIMIT 1 [] []
[2017-07-08 11:18:49] defaultLogger.INFO: SELECT route.id, route.entity_id, route.type, route.parent_url, route.url FROM route WHERE route.entity_id='1' AND route.type='category' LIMIT 1 [] []
[2017-07-08 11:19:36] defaultLogger.INFO: SELECT route.id, route.entity_id, route.type, route.parent_url, route.url FROM route WHERE route.type='page' AND route.entity_id='4' LIMIT 1 [] []
[2017-07-08 11:19:38] defaultLogger.INFO: SELECT route.id, route.entity_id, route.type, route.parent_url, route.url FROM route WHERE route.entity_id='1' AND route.type='category' LIMIT 1 [] []
[2017-07-08 11:19:39] defaultLogger.INFO: SELECT route.id, route.entity_id, route.type, route.parent_url, route.url FROM route WHERE route.entity_id='1' AND route.type='category' LIMIT 1 [] []
[2017-07-08 11:19:49] defaultLogger.INFO: SELECT route.id, route.entity_id, route.type, route.parent_url, route.url FROM route WHERE route.type='page' AND route.entity_id='4' LIMIT 1 [] []
[2017-07-08 11:19:53] defaultLogger.INFO: SELECT route.id, route.entity_id, route.type, route.parent_url, route.url FROM route WHERE route.entity_id='1' AND route.type='category' LIMIT 1 [] []
[2017-07-08 11:19:54] defaultLogger.INFO: SELECT route.id, route.entity_id, route.type, route.parent_url, route.url FROM route WHERE route.entity_id='1' AND route.type='category' LIMIT 1 [] []
[2017-07-08 11:20:06] defaultLogger.INFO: SELECT route.id, route.entity_id, route.type, route.parent_url, route.url FROM route WHERE route.type='page' AND route.entity_id='4' LIMIT 1 [] []
[2017-07-08 11:20:08] defaultLogger.INFO: SELECT route.id, route.entity_id, route.type, route.parent_url, route.url FROM route WHERE route.entity_id='1' AND route.type='category' LIMIT 1 [] []
[2017-07-08 11:20:09] defaultLogger.INFO: SELECT route.id, route.entity_id, route.type, route.parent_url, route.url FROM route WHERE route.entity_id='1' AND route.type='category' LIMIT 1 [] []
[2017-07-08 11:20:18] defaultLogger.INFO: SELECT route.id, route.entity_id, route.type, route.parent_url, route.url FROM route WHERE route.type='page' AND route.entity_id='4' LIMIT 1 [] []
[2017-07-08 11:20:19] defaultLogger.INFO: SELECT route.id, route.entity_id, route.type, route.parent_url, route.url FROM route WHERE route.entity_id='1' AND route.type='category' LIMIT 1 [] []
[2017-07-08 11:20:20] defaultLogger.INFO: SELECT route.id, route.entity_id, route.type, route.parent_url, route.url FROM route WHERE route.entity_id='1' AND route.type='category' LIMIT 1 [] []
[2017-07-08 11:20:30] defaultLogger.INFO: SELECT route.id, route.entity_id, route.type, route.parent_url, route.url FROM route WHERE route.type='page' AND route.entity_id='4' LIMIT 1 [] []
[2017-07-08 11:20:33] defaultLogger.INFO: SELECT route.id, route.entity_id, route.type, route.parent_url, route.url FROM route WHERE route.entity_id='1' AND route.type='category' LIMIT 1 [] []
[2017-07-08 11:20:34] defaultLogger.INFO: SELECT route.id, route.entity_id, route.type, route.parent_url, route.url FROM route WHERE route.entity_id='1' AND route.type='category' LIMIT 1 [] []
[2017-07-08 20:54:07] defaultLogger.INFO: SELECT route.id, route.entity_id, route.type, route.parent_url, route.url FROM route WHERE route.type='page' AND route.entity_id='3' LIMIT 1 [] []
