[2017-07-07 22:18:27] defaultLogger.INFO: SELECT route.id, route.entity_id, route.type, route.parent_url, route.url FROM route WHERE route.entity_id='0' AND route.type='category' LIMIT 1 [] []
[2017-07-07 22:18:27] defaultLogger.INFO: INSERT INTO route (id, entity_id, type, url) VALUES (NULL, 1, 'category', 'main') [] []
[2017-07-07 22:26:29] defaultLogger.INFO: SELECT /* xbanners\src\Installers\TemplatePlacesInstaller::dropAll */ banners.id, banners.place, banners.width, banners.height, banners.effects, banners.page_type FROM banners [] []
[2017-07-07 22:26:29] defaultLogger.INFO: SELECT banner_image.id, banner_image.banner_id, banner_image.target, banner_image.url, banner_image.allowed_page, banner_image.position, banner_image.active_from, banner_image.active_to, banner_image.active, banner_image.permanent FROM banner_image WHERE banner_image.banner_id=1 [] []
[2017-07-07 22:26:29] defaultLogger.INFO: DELETE FROM banner_image_i18n WHERE banner_image_i18n.id=5 [] []
[2017-07-07 22:26:29] defaultLogger.INFO: DELETE FROM banner_image_i18n WHERE banner_image_i18n.id=4 [] []
[2017-07-07 22:26:29] defaultLogger.INFO: DELETE FROM banner_image_i18n WHERE banner_image_i18n.id=3 [] []
[2017-07-07 22:26:29] defaultLogger.INFO: DELETE FROM banner_image WHERE banner_image.banner_id=1 [] []
[2017-07-07 22:26:29] defaultLogger.INFO: DELETE FROM banners_i18n WHERE banners_i18n.id=1 [] []
[2017-07-07 22:26:29] defaultLogger.INFO: SELECT banner_image.id, banner_image.banner_id, banner_image.target, banner_image.url, banner_image.allowed_page, banner_image.position, banner_image.active_from, banner_image.active_to, banner_image.active, banner_image.permanent FROM banner_image WHERE banner_image.banner_id=2 [] []
[2017-07-07 22:26:29] defaultLogger.INFO: DELETE FROM banner_image_i18n WHERE banner_image_i18n.id=6 [] []
[2017-07-07 22:26:29] defaultLogger.INFO: DELETE FROM banner_image_i18n WHERE banner_image_i18n.id=7 [] []
[2017-07-07 22:26:29] defaultLogger.INFO: DELETE FROM banner_image_i18n WHERE banner_image_i18n.id=9 [] []
[2017-07-07 22:26:29] defaultLogger.INFO: DELETE FROM banner_image_i18n WHERE banner_image_i18n.id=10 [] []
[2017-07-07 22:26:29] defaultLogger.INFO: DELETE FROM banner_image_i18n WHERE banner_image_i18n.id=11 [] []
[2017-07-07 22:26:29] defaultLogger.INFO: DELETE FROM banner_image_i18n WHERE banner_image_i18n.id=13 [] []
[2017-07-07 22:26:29] defaultLogger.INFO: DELETE FROM banner_image WHERE banner_image.banner_id=2 [] []
[2017-07-07 22:26:29] defaultLogger.INFO: DELETE FROM banners_i18n WHERE banners_i18n.id=2 [] []
[2017-07-07 22:26:29] defaultLogger.INFO: DELETE FROM banners [] []
[2017-07-07 22:26:44] defaultLogger.INFO: SELECT route.id, route.entity_id, route.type, route.parent_url, route.url FROM route WHERE route.url='slide-2.jpg' LIMIT 1 [] []
[2017-07-07 22:28:14] defaultLogger.INFO: SELECT route.id, route.entity_id, route.type, route.parent_url, route.url FROM route WHERE route.id='19' LIMIT 1 [] []
[2017-07-07 22:28:14] defaultLogger.INFO: SELECT route.id, route.entity_id, route.type, route.parent_url, route.url FROM route WHERE route.entity_id='0' AND route.type='category' LIMIT 1 [] []
[2017-07-07 22:28:14] defaultLogger.INFO: UPDATE route SET parent_url = REPLACE(parent_url,:old,:new) WHERE parent_url LIKE CONCAT(:old ,'%') [] []
[2017-07-07 22:28:18] defaultLogger.INFO: SELECT route.id, route.entity_id, route.type, route.parent_url, route.url FROM route WHERE route.url='slide-2.jpg' LIMIT 1 [] []
[2017-07-07 22:30:53] defaultLogger.INFO: SELECT route.id, route.entity_id, route.type, route.parent_url, route.url FROM route WHERE route.id='19' LIMIT 1 [] []
[2017-07-07 22:30:53] defaultLogger.INFO: SELECT route.id, route.entity_id, route.type, route.parent_url, route.url FROM route WHERE route.entity_id='0' AND route.type='category' LIMIT 1 [] []
[2017-07-07 22:30:53] defaultLogger.INFO: UPDATE route SET parent_url = REPLACE(parent_url,:old,:new) WHERE parent_url LIKE CONCAT(:old ,'%') [] []
[2017-07-07 22:30:57] defaultLogger.INFO: SELECT route.id, route.entity_id, route.type, route.parent_url, route.url FROM route WHERE route.url='slide-2.jpg' LIMIT 1 [] []
[2017-07-07 22:33:04] defaultLogger.INFO: SELECT route.id, route.entity_id, route.type, route.parent_url, route.url FROM route WHERE route.id='19' LIMIT 1 [] []
[2017-07-07 22:33:04] defaultLogger.INFO: SELECT route.id, route.entity_id, route.type, route.parent_url, route.url FROM route WHERE route.entity_id='0' AND route.type='category' LIMIT 1 [] []
[2017-07-07 22:33:04] defaultLogger.INFO: UPDATE route SET parent_url = REPLACE(parent_url,:old,:new) WHERE parent_url LIKE CONCAT(:old ,'%') [] []
[2017-07-07 22:34:18] defaultLogger.INFO: SELECT route.id, route.entity_id, route.type, route.parent_url, route.url FROM route WHERE route.entity_id='1' AND route.type='category' LIMIT 1 [] []
[2017-07-07 22:34:18] defaultLogger.INFO: INSERT INTO route (id, entity_id, type, parent_url, url) VALUES (NULL, 2, 'category', 'main', 'header') [] []
[2017-07-07 22:40:11] defaultLogger.INFO: SELECT route.id, route.entity_id, route.type, route.parent_url, route.url FROM route WHERE route.url='slide-2.jpg' LIMIT 1 [] []
[2017-07-07 22:46:59] defaultLogger.INFO: SELECT route.id, route.entity_id, route.type, route.parent_url, route.url FROM route WHERE route.entity_id='1' AND route.type='category' LIMIT 1 [] []
[2017-07-07 22:46:59] defaultLogger.INFO: INSERT INTO route (id, entity_id, type, parent_url, url) VALUES (NULL, 3, 'category', 'main', 'slider') [] []
[2017-07-07 22:48:57] defaultLogger.INFO: SELECT route.id, route.entity_id, route.type, route.parent_url, route.url FROM route WHERE route.entity_id='0' AND route.type='category' LIMIT 1 [] []
[2017-07-07 22:48:57] defaultLogger.INFO: INSERT INTO route (id, entity_id, type, url) VALUES (NULL, 4, 'category', 'footer') [] []
[2017-07-07 22:49:56] defaultLogger.INFO: SELECT route.id, route.entity_id, route.type, route.parent_url, route.url FROM route WHERE route.url='slide-2.jpg' LIMIT 1 [] []
[2017-07-07 22:59:11] defaultLogger.INFO: UPDATE banner_image SET active=0 WHERE banner_image.active=1 AND banner_image.active_to < 1499457551 [] []
[2017-07-07 22:59:11] defaultLogger.INFO: SELECT /* Admin::index */ banners.id, banners.place, banners.width, banners.height, banners.effects, banners.page_type, banners_i18n.id, banners_i18n.locale, banners_i18n.name FROM banners LEFT JOIN banners_i18n ON (banners.id=banners_i18n.id AND banners_i18n.locale = 'ru') [] []
[2017-07-07 23:06:33] defaultLogger.INFO: SELECT route.id, route.entity_id, route.type, route.parent_url, route.url FROM route WHERE route.url='slide-2.jpg' LIMIT 1 [] []
[2017-07-07 23:07:14] defaultLogger.INFO: SELECT route.id, route.entity_id, route.type, route.parent_url, route.url FROM route WHERE route.id='22' LIMIT 1 [] []
[2017-07-07 23:07:14] defaultLogger.INFO: SELECT route.id, route.entity_id, route.type, route.parent_url, route.url FROM route WHERE route.entity_id='1' AND route.type='category' LIMIT 1 [] []
[2017-07-07 23:07:14] defaultLogger.INFO: UPDATE route SET parent_url='main' WHERE route.id=22 [] []
[2017-07-07 23:07:14] defaultLogger.INFO: UPDATE route SET parent_url = REPLACE(parent_url,:old,:new) WHERE parent_url LIKE CONCAT(:old ,'%') [] []
[2017-07-07 23:11:49] defaultLogger.INFO: INSERT INTO route (id, entity_id, type, parent_url, url) VALUES (NULL, 1, 'page', 'main/header', 'copyrights') [] []
[2017-07-07 23:12:05] defaultLogger.INFO: SELECT route.id, route.entity_id, route.type, route.parent_url, route.url FROM route WHERE route.url='slide-2.jpg' LIMIT 1 [] []
[2017-07-07 23:12:51] defaultLogger.INFO: INSERT INTO route (id, entity_id, type, parent_url, url) VALUES (NULL, 2, 'page', 'main', 'main-page') [] []
[2017-07-07 23:12:55] defaultLogger.INFO: SELECT route.id, route.entity_id, route.type, route.parent_url, route.url FROM route WHERE route.url='slide-2.jpg' LIMIT 1 [] []
[2017-07-07 23:14:19] defaultLogger.INFO: SELECT route.id, route.entity_id, route.type, route.parent_url, route.url FROM route WHERE route.type='page' AND route.entity_id='1' LIMIT 1 [] []
[2017-07-07 23:14:19] defaultLogger.INFO: UPDATE route SET parent_url='main/footer' WHERE route.id=23 [] []
[2017-07-07 23:14:23] defaultLogger.INFO: SELECT route.id, route.entity_id, route.type, route.parent_url, route.url FROM route WHERE route.url='slide-2.jpg' LIMIT 1 [] []
[2017-07-07 23:14:26] defaultLogger.INFO: SELECT route.id, route.entity_id, route.type, route.parent_url, route.url FROM route WHERE route.url='slide-2.jpg' LIMIT 1 [] []
[2017-07-07 23:15:03] defaultLogger.INFO: SELECT route.id, route.entity_id, route.type, route.parent_url, route.url FROM route WHERE route.type='page' AND route.entity_id='1' LIMIT 1 [] []
[2017-07-07 23:15:06] defaultLogger.INFO: SELECT route.id, route.entity_id, route.type, route.parent_url, route.url FROM route WHERE route.url='slide-2.jpg' LIMIT 1 [] []
[2017-07-07 23:15:39] defaultLogger.INFO: SELECT route.id, route.entity_id, route.type, route.parent_url, route.url FROM route WHERE route.type='page' AND route.entity_id='1' LIMIT 1 [] []
[2017-07-07 23:15:51] defaultLogger.INFO: SELECT route.id, route.entity_id, route.type, route.parent_url, route.url FROM route WHERE route.url='slide-2.jpg' LIMIT 1 [] []
[2017-07-07 23:16:48] defaultLogger.INFO: INSERT INTO route (id, entity_id, type, parent_url, url) VALUES (NULL, 3, 'page', 'main/header', 'logo-social') [] []
[2017-07-07 23:16:53] defaultLogger.INFO: SELECT route.id, route.entity_id, route.type, route.parent_url, route.url FROM route WHERE route.url='slide-2.jpg' LIMIT 1 [] []
[2017-07-07 23:17:39] defaultLogger.INFO: INSERT INTO route (id, entity_id, type, parent_url, url) VALUES (NULL, 4, 'page', 'main/slider', 'slide-1') [] []
[2017-07-07 23:17:43] defaultLogger.INFO: SELECT route.id, route.entity_id, route.type, route.parent_url, route.url FROM route WHERE route.url='slide-2.jpg' LIMIT 1 [] []
[2017-07-07 23:17:59] defaultLogger.INFO: SELECT route.id, route.entity_id, route.type, route.parent_url, route.url FROM route WHERE route.entity_id='1' AND route.type='category' LIMIT 1 [] []
[2017-07-07 23:32:58] defaultLogger.INFO: SELECT route.id, route.entity_id, route.type, route.parent_url, route.url FROM route WHERE route.entity_id='1' AND route.type='category' LIMIT 1 [] []
[2017-07-07 23:33:08] defaultLogger.INFO: SELECT route.id, route.entity_id, route.type, route.parent_url, route.url FROM route WHERE route.entity_id='1' AND route.type='category' LIMIT 1 [] []
[2017-07-07 23:33:08] defaultLogger.INFO: SELECT route.id, route.entity_id, route.type, route.parent_url, route.url FROM route WHERE route.entity_id='1' AND route.type='category' LIMIT 1 [] []
[2017-07-07 23:34:55] defaultLogger.INFO: SELECT route.id, route.entity_id, route.type, route.parent_url, route.url FROM route WHERE route.type='page' AND route.entity_id='4' LIMIT 1 [] []
[2017-07-07 23:34:57] defaultLogger.INFO: SELECT route.id, route.entity_id, route.type, route.parent_url, route.url FROM route WHERE route.entity_id='1' AND route.type='category' LIMIT 1 [] []
[2017-07-07 23:34:59] defaultLogger.INFO: SELECT route.id, route.entity_id, route.type, route.parent_url, route.url FROM route WHERE route.entity_id='1' AND route.type='category' LIMIT 1 [] []
[2017-07-07 23:35:02] defaultLogger.INFO: SELECT route.id, route.entity_id, route.type, route.parent_url, route.url FROM route WHERE route.entity_id='1' AND route.type='category' LIMIT 1 [] []
[2017-07-07 23:35:03] defaultLogger.INFO: SELECT route.id, route.entity_id, route.type, route.parent_url, route.url FROM route WHERE route.entity_id='1' AND route.type='category' LIMIT 1 [] []
[2017-07-07 23:36:38] defaultLogger.INFO: SELECT route.id, route.entity_id, route.type, route.parent_url, route.url FROM route WHERE route.entity_id='1' AND route.type='category' LIMIT 1 [] []
[2017-07-07 23:36:39] defaultLogger.INFO: SELECT route.id, route.entity_id, route.type, route.parent_url, route.url FROM route WHERE route.entity_id='1' AND route.type='category' LIMIT 1 [] []
[2017-07-07 23:59:07] defaultLogger.INFO: SELECT route.id, route.entity_id, route.type, route.parent_url, route.url FROM route WHERE route.entity_id='0' AND route.type='category' LIMIT 1 [] []
[2017-07-07 23:59:07] defaultLogger.INFO: INSERT INTO route (id, entity_id, type, url) VALUES (NULL, 5, 'category', 'contacts') [] []
